android-app/app/build/intermediates/manifest_merge_blame_file/debug/manifest-merger-blame-debug-report.txt
1<?xml version="1.0" encoding="utf-8"?>
2<manifest xmlns:android="http://schemas.android.com/apk/res/android"
3    package="com.vonhex.delamain"
4    android:versionCode="1"
5    android:versionName="1.0" >
6
7    <uses-sdk
8        android:minSdkVersion="23"
9        android:targetSdkVersion="34" />
10
11    <uses-permission android:name="android.permission.INTERNET" />
11-->src/main/AndroidManifest.xml:4:5-67
11-->src/main/AndroidManifest.xml:4:22-64
12    <uses-permission android:name="android.permission.RECORD_AUDIO" />
12-->src/main/AndroidManifest.xml:5:5-71
12-->src/main/AndroidManifest.xml:5:22-68
13
14    <uses-feature
14-->src/main/AndroidManifest.xml:7:5-94
15        android:name="android.hardware.type.automotive"
15-->src/main/AndroidManifest.xml:7:19-66
16        android:required="false" />
16-->src/main/AndroidManifest.xml:7:67-91
17
18    <queries>
18-->[androidx.car.app:app:1.4.0] AndroidManifest.xml:23:5-28:15
19        <provider
19-->[androidx.car.app:app:1.4.0] AndroidManifest.xml:24:9-27:43
20            android:name="androidx.car.app.connection.provider"
20-->[androidx.car.app:app:1.4.0] AndroidManifest.xml:25:13-64
21            android:authorities="androidx.car.app.connection" />
21-->[androidx.car.app:app:1.4.0] AndroidManifest.xml:26:13-62
22    </queries>
23
24    <permission
24-->[androidx.core:core:1.13.0] AndroidManifest.xml:22:5-24:47
25        android:name="com.vonhex.delamain.DYNAMIC_RECEIVER_NOT_EXPORTED_PERMISSION"
25-->[androidx.core:core:1.13.0] AndroidManifest.xml:23:9-81
26        android:protectionLevel="signature" />
26-->[androidx.core:core:1.13.0] AndroidManifest.xml:24:9-44
27
28    <uses-permission android:name="com.vonhex.delamain.DYNAMIC_RECEIVER_NOT_EXPORTED_PERMISSION" />
28-->[androidx.core:core:1.13.0] AndroidManifest.xml:26:5-97
28-->[androidx.core:core:1.13.0] AndroidManifest.xml:26:22-94
29
30    <application
30-->src/main/AndroidManifest.xml:9:5-33:19
31        android:allowBackup="true"
31-->src/main/AndroidManifest.xml:10:9-35
32        android:appComponentFactory="androidx.core.app.CoreComponentFactory"
32-->[androidx.core:core:1.13.0] AndroidManifest.xml:28:18-86
33        android:debuggable="true"
34        android:extractNativeLibs="false"
35        android:label="@string/app_name"
35-->src/main/AndroidManifest.xml:11:9-41
36        android:theme="@style/Theme.AppCompat" >
36-->src/main/AndroidManifest.xml:12:9-47
37        <meta-data
37-->src/main/AndroidManifest.xml:14:9-16:59
38            android:name="com.google.android.gms.car.application"
38-->src/main/AndroidManifest.xml:15:13-66
39            android:resource="@xml/automotive_app_desc" />
39-->src/main/AndroidManifest.xml:16:13-56
40
41        <service
41-->src/main/AndroidManifest.xml:18:9-25:19
42            android:name="com.vonhex.delamain.DelamainCarAppService"
42-->src/main/AndroidManifest.xml:19:13-50
43            android:exported="true" >
43-->src/main/AndroidManifest.xml:20:13-36
44            <intent-filter>
44-->src/main/AndroidManifest.xml:21:13-24:29
45                <action android:name="androidx.car.app.CarAppService" />
45-->src/main/AndroidManifest.xml:22:17-73
45-->src/main/AndroidManifest.xml:22:25-70
46
47                <category android:name="androidx.car.app.category.IOT" />
47-->src/main/AndroidManifest.xml:23:17-74
47-->src/main/AndroidManifest.xml:23:27-71
48            </intent-filter>
49        </service>
50
51        <!-- Phone-side activity for voice capture -->
52        <activity
52-->src/main/AndroidManifest.xml:28:9-31:75
53            android:name="com.vonhex.delamain.VoiceActivity"
53-->src/main/AndroidManifest.xml:29:13-42
54            android:exported="false"
54-->src/main/AndroidManifest.xml:30:13-37
55            android:theme="@android:style/Theme.Translucent.NoTitleBar" />
55-->src/main/AndroidManifest.xml:31:13-72
56        <activity
56-->[androidx.car.app:app:1.4.0] AndroidManifest.xml:31:9-34:75
57            android:name="androidx.car.app.CarAppPermissionActivity"
57-->[androidx.car.app:app:1.4.0] AndroidManifest.xml:32:13-69
58            android:exported="false"
58-->[androidx.car.app:app:1.4.0] AndroidManifest.xml:33:13-37
59            android:theme="@android:style/Theme.Translucent.NoTitleBar" />
59-->[androidx.car.app:app:1.4.0] AndroidManifest.xml:34:13-72
60
61        <receiver
61-->[androidx.car.app:app:1.4.0] AndroidManifest.xml:36:9-38:40
62            android:name="androidx.car.app.notification.CarAppNotificationBroadcastReceiver"
62-->[androidx.car.app:app:1.4.0] AndroidManifest.xml:37:13-93
63            android:exported="false" />
63-->[androidx.car.app:app:1.4.0] AndroidManifest.xml:38:13-37
64
65        <provider
65-->[androidx.emoji2:emoji2:1.3.0] AndroidManifest.xml:24:9-32:20
66            android:name="androidx.startup.InitializationProvider"
66-->[androidx.emoji2:emoji2:1.3.0] AndroidManifest.xml:25:13-67
67            android:authorities="com.vonhex.delamain.androidx-startup"
67-->[androidx.emoji2:emoji2:1.3.0] AndroidManifest.xml:26:13-68
68            android:exported="false" >
68-->[androidx.emoji2:emoji2:1.3.0] AndroidManifest.xml:27:13-37
69            <meta-data
69-->[androidx.emoji2:emoji2:1.3.0] AndroidManifest.xml:29:13-31:52
70                android:name="androidx.emoji2.text.EmojiCompatInitializer"
70-->[androidx.emoji2:emoji2:1.3.0] AndroidManifest.xml:30:17-75
71                android:value="androidx.startup" />
71-->[androidx.emoji2:emoji2:1.3.0] AndroidManifest.xml:31:17-49
72            <meta-data
72-->[androidx.lifecycle:lifecycle-process:2.6.2] AndroidManifest.xml:29:13-31:52
73                android:name="androidx.lifecycle.ProcessLifecycleInitializer"
73-->[androidx.lifecycle:lifecycle-process:2.6.2] AndroidManifest.xml:30:17-78
74                android:value="androidx.startup" />
74-->[androidx.lifecycle:lifecycle-process:2.6.2] AndroidManifest.xml:31:17-49
75            <meta-data
75-->[androidx.profileinstaller:profileinstaller:1.3.1] AndroidManifest.xml:29:13-31:52
76                android:name="androidx.profileinstaller.ProfileInstallerInitializer"
76-->[androidx.profileinstaller:profileinstaller:1.3.1] AndroidManifest.xml:30:17-85
77                android:value="androidx.startup" />
77-->[androidx.profileinstaller:profileinstaller:1.3.1] AndroidManifest.xml:31:17-49
78        </provider>
79
80        <receiver
80-->[androidx.profileinstaller:profileinstaller:1.3.1] AndroidManifest.xml:34:9-52:20
81            android:name="androidx.profileinstaller.ProfileInstallReceiver"
81-->[androidx.profileinstaller:profileinstaller:1.3.1] AndroidManifest.xml:35:13-76
82            android:directBootAware="false"
82-->[androidx.profileinstaller:profileinstaller:1.3.1] AndroidManifest.xml:36:13-44
83            android:enabled="true"
83-->[androidx.profileinstaller:profileinstaller:1.3.1] AndroidManifest.xml:37:13-35
84            android:exported="true"
84-->[androidx.profileinstaller:profileinstaller:1.3.1] AndroidManifest.xml:38:13-36
85            android:permission="android.permission.DUMP" >
85-->[androidx.profileinstaller:profileinstaller:1.3.1] AndroidManifest.xml:39:13-57
86            <intent-filter>
86-->[androidx.profileinstaller:profileinstaller:1.3.1] AndroidManifest.xml:40:13-42:29
87                <action android:name="androidx.profileinstaller.action.INSTALL_PROFILE" />
87-->[androidx.profileinstaller:profileinstaller:1.3.1] AndroidManifest.xml:41:17-91
87-->[androidx.profileinstaller:profileinstaller:1.3.1] AndroidManifest.xml:41:25-88
88            </intent-filter>
89            <intent-filter>
89-->[androidx.profileinstaller:profileinstaller:1.3.1] AndroidManifest.xml:43:13-45:29
90                <action android:name="androidx.profileinstaller.action.SKIP_FILE" />
90-->[androidx.profileinstaller:profileinstaller:1.3.1] AndroidManifest.xml:44:17-85
90-->[androidx.profileinstaller:profileinstaller:1.3.1] AndroidManifest.xml:44:25-82
91            </intent-filter>
92            <intent-filter>
92-->[androidx.profileinstaller:profileinstaller:1.3.1] AndroidManifest.xml:46:13-48:29
93                <action android:name="androidx.profileinstaller.action.SAVE_PROFILE" />
93-->[androidx.profileinstaller:profileinstaller:1.3.1] AndroidManifest.xml:47:17-88
93-->[androidx.profileinstaller:profileinstaller:1.3.1] AndroidManifest.xml:47:25-85
94            </intent-filter>
95            <intent-filter>
95-->[androidx.profileinstaller:profileinstaller:1.3.1] AndroidManifest.xml:49:13-51:29
96                <action android:name="androidx.profileinstaller.action.BENCHMARK_OPERATION" />
96-->[androidx.profileinstaller:profileinstaller:1.3.1] AndroidManifest.xml:50:17-95
96-->[androidx.profileinstaller:profileinstaller:1.3.1] AndroidManifest.xml:50:25-92
97            </intent-filter>
98        </receiver>
99    </application>
100
101</manifest>